0 info it worked if it ends with ok
1 verbose cli [ 'C:\\Program Files\\nodejs\\node.exe',
1 verbose cli   'C:\\Users\\Toshiba\\AppData\\Roaming\\npm\\node_modules\\npm\\bin\\npm-cli.js',
1 verbose cli   'run',
1 verbose cli   'dev' ]
2 info using npm@3.8.5
3 info using node@v8.11.1
4 verbose run-script [ 'predev', 'dev', 'postdev' ]
5 info lifecycle senze-dashboard@1.0.0~predev: senze-dashboard@1.0.0
6 silly lifecycle senze-dashboard@1.0.0~predev: no script for predev, continuing
7 info lifecycle senze-dashboard@1.0.0~dev: senze-dashboard@1.0.0
8 verbose lifecycle senze-dashboard@1.0.0~dev: unsafe-perm in lifecycle true
9 verbose lifecycle senze-dashboard@1.0.0~dev: PATH: C:\Users\Toshiba\AppData\Roaming\npm\node_modules\npm\bin\node-gyp-bin;C:\WEb projects\react\senze\backend\node_modules\.bin;C:\Program Files\nodejs;C:\Program Files (x86)\Git\mingw32\bin;C:\Program Files (x86)\Git\usr\bin;C:\Users\Toshiba\bin;C:\Users\Toshiba\bin;C:\Program Files (x86)\Git\mingw32\bin;C:\Program Files (x86)\Git\usr\local\bin;C:\Program Files (x86)\Git\usr\bin;C:\Program Files (x86)\Git\usr\bin;C:\Program Files (x86)\Git\mingw32\bin;C:\Program Files (x86)\Git\usr\bin;C:\Users\Toshiba\bin;C:\Program Files (x86)\Common Files\Oracle\Java\javapath;C:\ProgramData\Oracle\Java\javapath;C:\Program Files (x86)\Intel\iCLS Client;C:\Program Files\Intel\iCLS Client;C:\WINDOWS\system32;C:\WINDOWS;C:\WINDOWS\System32\Wbem;C:\WINDOWS\System32\WindowsPowerShell\v1.0;C:\Program Files (x86)\Intel\Intel(R) Management Engine Components\DAL;C:\Program Files\Intel\Intel(R) Management Engine Components\DAL;C:\Program Files (x86)\Intel\Intel(R) Management Engine Components\IPT;C:\Program Files\Intel\Intel(R) Management Engine Components\IPT;C:\Program Files (x86)\Microsoft SQL Server\100\Tools\Binn;C:\Program Files\Microsoft SQL Server\100\Tools\Binn;C:\Program Files\Microsoft SQL Server\100\DTS\Binn;C:\Program Files (x86)\Windows Live\Shared;C:\Program Files (x86)\Git\cmd;C:\Program Files (x86)\GtkSharp\2.12\bin;C:\Program Files\nodejs;C:\Program Files (x86)\Skype\Phone;C:\xampp\php;C:\ProgramData\ComposerSetup\bin;C:\Program Files\Microsoft VS Code\bin;C:\WINDOWS\System32\OpenSSH;C:\Program Files (x86)\Yarn\bin;C:\ProgramData\chocolatey\bin;C:\Users\Toshiba\AppData\Local\Android\sdk\platform-tools;C:\Program Files\Java\jdk1.8.0_201\bin;C:\Program Files\Java\jdk1.8.0_201\bin;C:\Users\Toshiba\AppData\Local\Microsoft\WindowsApps;C:\Users\Toshiba\AppData\Local\atom\bin;C:\Users\Toshiba\AppData\Roaming\npm;C:\Program Files\Microsoft VS Code\bin;C:\Users\Toshiba\AppData\Roaming\Composer\vendor\bin;C:\Program Files\heroku\bin;C:\Users\Toshiba\AppData\Local\Microsoft\WindowsApps;C:\Users\Toshiba\Documents\Scout Labs\my websites\shopify\bot;C:\Users\Toshiba\AppData\Local\Yarn\bin;C:\Program Files (x86)\Git\usr\bin\vendor_perl;C:\Program Files (x86)\Git\usr\bin\core_perl
10 verbose lifecycle senze-dashboard@1.0.0~dev: CWD: C:\WEb projects\react\senze\backend
11 silly lifecycle senze-dashboard@1.0.0~dev: Args: [ '/d /s /c', 'concurrently "npm run server""npm run client"' ]
12 silly lifecycle senze-dashboard@1.0.0~dev: Returned: code: 1  signal: null
13 info lifecycle senze-dashboard@1.0.0~dev: Failed to exec dev script
14 verbose stack Error: senze-dashboard@1.0.0 dev: `concurrently "npm run server""npm run client"`
14 verbose stack Exit status 1
14 verbose stack     at EventEmitter.<anonymous> (C:\Users\Toshiba\AppData\Roaming\npm\node_modules\npm\lib\utils\lifecycle.js:239:16)
14 verbose stack     at emitTwo (events.js:126:13)
14 verbose stack     at EventEmitter.emit (events.js:214:7)
14 verbose stack     at ChildProcess.<anonymous> (C:\Users\Toshiba\AppData\Roaming\npm\node_modules\npm\lib\utils\spawn.js:24:14)
14 verbose stack     at emitTwo (events.js:126:13)
14 verbose stack     at ChildProcess.emit (events.js:214:7)
14 verbose stack     at maybeClose (internal/child_process.js:925:16)
14 verbose stack     at Process.ChildProcess._handle.onexit (internal/child_process.js:209:5)
15 verbose pkgid senze-dashboard@1.0.0
16 verbose cwd C:\WEb projects\react\senze\backend
17 error Windows_NT 10.0.17134
18 error argv "C:\\Program Files\\nodejs\\node.exe" "C:\\Users\\Toshiba\\AppData\\Roaming\\npm\\node_modules\\npm\\bin\\npm-cli.js" "run" "dev"
19 error node v8.11.1
20 error npm  v3.8.5
21 error code ELIFECYCLE
22 error senze-dashboard@1.0.0 dev: `concurrently "npm run server""npm run client"`
22 error Exit status 1
23 error Failed at the senze-dashboard@1.0.0 dev script 'concurrently "npm run server""npm run client"'.
23 error Make sure you have the latest version of node.js and npm installed.
23 error If you do, this is most likely a problem with the senze-dashboard package,
23 error not with npm itself.
23 error Tell the author that this fails on your system:
23 error     concurrently "npm run server""npm run client"
23 error You can get information on how to open an issue for this project with:
23 error     npm bugs senze-dashboard
23 error Or if that isn't available, you can get their info via:
23 error     npm owner ls senze-dashboard
23 error There is likely additional logging output above.
24 verbose exit [ 1, true ]
